This is pdfTeX, Version 3.14159265-2.6-1.40.21 (TeX Live 2020/W32TeX) (preloaded format=pdflatex 2021.3.9)  7 DEC 2021 12:26
entering extended mode
 restricted \write18 enabled.
 %&-line parsing enabled.
**reportZM.tex
(./reportZM.tex
LaTeX2e <2020-02-02> patch level 5
L3 programming layer <2020-03-06>
(d:/TexLive/2020/texmf-dist/tex/latex/base/article.cls
Document Class: article 2019/12/20 v1.4l Standard LaTeX document class
(d:/TexLive/2020/texmf-dist/tex/latex/base/size10.clo
File: size10.clo 2019/12/20 v1.4l Standard LaTeX file (size option)
)
\c@part=\count167
\c@section=\count168
\c@subsection=\count169
\c@subsubsection=\count170
\c@paragraph=\count171
\c@subparagraph=\count172
\c@figure=\count173
\c@table=\count174
\abovecaptionskip=\skip47
\belowcaptionskip=\skip48
\bibindent=\dimen134
)
(d:/TexLive/2020/texmf-dist/tex/latex/ctex/ctex.sty
(d:/TexLive/2020/texmf-dist/tex/latex/l3kernel/expl3.sty
Package: expl3 2020-03-06 L3 programming layer (loader) 

(d:/TexLive/2020/texmf-dist/tex/latex/l3backend/l3backend-pdfmode.def
File: l3backend-pdfmode.def 2020-03-12 L3 backend support: PDF mode
\l__kernel_color_stack_int=\count175
\l__pdf_internal_box=\box45
))
Package: ctex 2019/05/29 v2.4.16 Chinese adapter in LaTeX (CTEX)

(d:/TexLive/2020/texmf-dist/tex/latex/l3packages/xparse/xparse.sty
Package: xparse 2020-03-06 L3 Experimental document command parser
\l__xparse_current_arg_int=\count176
\g__xparse_grabber_int=\count177
\l__xparse_m_args_int=\count178
\l__xparse_v_nesting_int=\count179
)
(d:/TexLive/2020/texmf-dist/tex/latex/l3packages/l3keys2e/l3keys2e.sty
Package: l3keys2e 2020-03-06 LaTeX2e option processing using LaTeX3 keys
)
(d:/TexLive/2020/texmf-dist/tex/latex/ctex/ctexhook.sty
Package: ctexhook 2019/05/29 v2.4.16 Document and package hooks (CTEX)
)
(d:/TexLive/2020/texmf-dist/tex/latex/ctex/ctexpatch.sty
Package: ctexpatch 2019/05/29 v2.4.16 Patching commands (CTEX)
)
(d:/TexLive/2020/texmf-dist/tex/latex/base/fix-cm.sty
Package: fix-cm 2015/01/14 v1.1t fixes to LaTeX

(d:/TexLive/2020/texmf-dist/tex/latex/base/ts1enc.def
File: ts1enc.def 2001/06/05 v3.0e (jk/car/fm) Standard LaTeX file
LaTeX Font Info:    Redeclaring font encoding TS1 on input line 47.
))
(d:/TexLive/2020/texmf-dist/tex/latex/ms/everysel.sty
Package: everysel 2011/10/28 v1.2 EverySelectfont Package (MS)
)
\l__ctex_tmp_int=\count180
\l__ctex_tmp_box=\box46
\l__ctex_tmp_dim=\dimen135
\g__ctex_section_depth_int=\count181
\g__ctex_font_size_int=\count182

(d:/TexLive/2020/texmf-dist/tex/latex/ctex/config/ctexopts.cfg
File: ctexopts.cfg 2019/05/29 v2.4.16 Option configuration file (CTEX)
)
(d:/TexLive/2020/texmf-dist/tex/latex/ctex/engine/ctex-engine-pdftex.def
File: ctex-engine-pdftex.def 2019/05/29 v2.4.16 (pdf)LaTeX adapter (CTEX)

(d:/TexLive/2020/texmf-dist/tex/latex/cjk/texinput/CJKutf8.sty
Package: CJKutf8 2015/04/18 4.8.4

(d:/TexLive/2020/texmf-dist/tex/generic/iftex/ifpdf.sty
Package: ifpdf 2019/10/25 v3.4 ifpdf legacy package. Use iftex instead.

(d:/TexLive/2020/texmf-dist/tex/generic/iftex/iftex.sty
Package: iftex 2020/03/06 v1.0d TeX engine tests
))
(d:/TexLive/2020/texmf-dist/tex/latex/base/inputenc.sty
Package: inputenc 2018/08/11 v1.3c Input encoding file
\inpenc@prehook=\toks15
\inpenc@posthook=\toks16
)
(d:/TexLive/2020/texmf-dist/tex/latex/cjk/texinput/CJK.sty
Package: CJK 2015/04/18 4.8.4

(d:/TexLive/2020/texmf-dist/tex/latex/cjk/texinput/mule/MULEenc.sty
Package: MULEenc 2015/04/18 4.8.4
)
(d:/TexLive/2020/texmf-dist/tex/latex/cjk/texinput/CJK.enc
File: CJK.enc 2015/04/18 4.8.4
Now handling font encoding C00 ...
... no UTF-8 mapping file for font encoding C00
Now handling font encoding C05 ...
... no UTF-8 mapping file for font encoding C05
Now handling font encoding C09 ...
... no UTF-8 mapping file for font encoding C09
Now handling font encoding C10 ...
... no UTF-8 mapping file for font encoding C10
Now handling font encoding C20 ...
... no UTF-8 mapping file for font encoding C20
Now handling font encoding C19 ...
... no UTF-8 mapping file for font encoding C19
Now handling font encoding C40 ...
... no UTF-8 mapping file for font encoding C40
Now handling font encoding C42 ...
... no UTF-8 mapping file for font encoding C42
Now handling font encoding C43 ...
... no UTF-8 mapping file for font encoding C43
Now handling font encoding C50 ...
... no UTF-8 mapping file for font encoding C50
Now handling font encoding C52 ...
... no UTF-8 mapping file for font encoding C52
Now handling font encoding C49 ...
... no UTF-8 mapping file for font encoding C49
Now handling font encoding C60 ...
... no UTF-8 mapping file for font encoding C60
Now handling font encoding C61 ...
... no UTF-8 mapping file for font encoding C61
Now handling font encoding C63 ...
... no UTF-8 mapping file for font encoding C63
Now handling font encoding C64 ...
... no UTF-8 mapping file for font encoding C64
Now handling font encoding C65 ...
... no UTF-8 mapping file for font encoding C65
Now handling font encoding C70 ...
... no UTF-8 mapping file for font encoding C70
Now handling font encoding C31 ...
... no UTF-8 mapping file for font encoding C31
Now handling font encoding C32 ...
... no UTF-8 mapping file for font encoding C32
Now handling font encoding C33 ...
... no UTF-8 mapping file for font encoding C33
Now handling font encoding C34 ...
... no UTF-8 mapping file for font encoding C34
Now handling font encoding C35 ...
... no UTF-8 mapping file for font encoding C35
Now handling font encoding C36 ...
... no UTF-8 mapping file for font encoding C36
Now handling font encoding C37 ...
... no UTF-8 mapping file for font encoding C37
Now handling font encoding C80 ...
... no UTF-8 mapping file for font encoding C80
Now handling font encoding C81 ...
... no UTF-8 mapping file for font encoding C81
Now handling font encoding C01 ...
... no UTF-8 mapping file for font encoding C01
Now handling font encoding C11 ...
... no UTF-8 mapping file for font encoding C11
Now handling font encoding C21 ...
... no UTF-8 mapping file for font encoding C21
Now handling font encoding C41 ...
... no UTF-8 mapping file for font encoding C41
Now handling font encoding C62 ...
... no UTF-8 mapping file for font encoding C62
)
LaTeX Info: Redefining \selectfont on input line 755.
\CJK@indent=\box47
)
(d:/TexLive/2020/texmf-dist/tex/latex/base/fontenc.sty
Package: fontenc 2020/02/11 v2.0o Standard LaTeX package
))
(d:/TexLive/2020/texmf-dist/tex/latex/cjkpunct/CJKpunct.sty
Package: CJKpunct 2016/05/14 4.8.4
\CJKpunct@cnta=\count183
\CJKpunct@cntb=\count184
\CJKpunct@cntc=\count185
\CJKpunct@cntd=\count186
\CJKpunct@cnte=\count187
   defining Unicode char U+2018 (decimal 8216)
   defining Unicode char U+2019 (decimal 8217)
   defining Unicode char U+201C (decimal 8220)
   defining Unicode char U+201D (decimal 8221)
   defining Unicode char U+2014 (decimal 8212)
   defining Unicode char U+2026 (decimal 8230)

(d:/TexLive/2020/texmf-dist/tex/latex/cjkpunct/CJKpunct.spa))
(d:/TexLive/2020/texmf-dist/tex/latex/cjk/texinput/CJKspace.sty
Package: CJKspace 2015/04/18 3.8.0
)
(d:/TexLive/2020/texmf-dist/tex/latex/ctex/ctexspa.def
File: ctexspa.def 2019/05/29 v2.4.16 Space info for CJKpunct (CTEX)
)
(d:/TexLive/2020/texmf-dist/tex/latex/cjk/texinput/CJKfntef.sty
Package: CJKfntef 2015/04/18 4.8.4

(d:/TexLive/2020/texmf-dist/tex/latex/cjk/texinput/CJKulem.sty
Package: CJKulem 2015/04/18 4.8.4

(d:/TexLive/2020/texmf-dist/tex/generic/ulem/ulem.sty
\UL@box=\box48
\UL@hyphenbox=\box49
\UL@skip=\skip49
\UL@hook=\toks17
\UL@height=\dimen136
\UL@pe=\count188
\UL@pixel=\dimen137
\ULC@box=\box50
Package: ulem 2019/11/18
\ULdepth=\dimen138
)
\UL@lastkern=\dimen139
\CJK@skip=\skip50
)
\CJK@fntefSkip=\skip51
\CJK@nest=\count189
\CJK@fntefDimen=\dimen140
\CJK@underdotBox=\box51
\CJK@ULbox=\box52
\CJK@underanyskip=\dimen141
)
\ccwd=\dimen142
\l__ctex_ccglue_skip=\skip52
)
\l__ctex_ziju_dim=\dimen143

(d:/TexLive/2020/texmf-dist/tex/latex/zhnumber/zhnumber.sty
Package: zhnumber 2019/04/07 v2.7 Typesetting numbers with Chinese glyphs
\l__zhnum_scale_int=\count190
\l__zhnum_byte_min_int=\count191
\l__zhnum_byte_max_int=\count192

(d:/TexLive/2020/texmf-dist/tex/latex/zhnumber/zhnumber-utf8.cfg
File: zhnumber-utf8.cfg 2019/04/07 v2.7 Chinese numerals with UTF8 encoding
))
(d:/TexLive/2020/texmf-dist/tex/latex/ctex/scheme/ctex-scheme-chinese.def
File: ctex-scheme-chinese.def 2019/05/29 v2.4.16 Chinese scheme for generic (CT
EX)

(d:/TexLive/2020/texmf-dist/tex/latex/ctex/config/ctex-name-utf8.cfg
File: ctex-name-utf8.cfg 2019/05/29 v2.4.16 Caption with encoding UTF8 (CTEX)
))
(d:/TexLive/2020/texmf-dist/tex/latex/tools/indentfirst.sty
Package: indentfirst 1995/11/23 v1.03 Indent first paragraph (DPC)
)
(d:/TexLive/2020/texmf-dist/tex/latex/ctex/ctex-cs4size.clo
File: ctex-cs4size.clo 2019/05/29 v2.4.16 cs4size option (CTEX)
)
(d:/TexLive/2020/texmf-dist/tex/latex/ctex/fontset/ctex-fontset-windows.def
File: ctex-fontset-windows.def 2019/05/29 v2.4.16 Windows fonts definition (CTE
X)

(d:/TexLive/2020/texmf-dist/tex/latex/ctex/fontset/ctex-fontset-windowsnew.def
File: ctex-fontset-windowsnew.def 2019/05/29 v2.4.16 Windows fonts definition f
or Vista or later version (CTEX)

(d:/TexLive/2020/texmf-dist/tex/generic/ctex/zhwindowsfonts.tex
File: zhwindowsfonts.tex 2019/05/29 v2.4.16 Windows font map loader for pdfTeX 
and DVIPDFMx (CTEX)
{d:/TexLive/2020/texmf-var/fonts/map/pdftex/updmap/pdftex.map}{UGBK.sfd}{Unicod
e.sfd}))))
(d:/TexLive/2020/texmf-dist/tex/latex/ctex/config/ctex.cfg
File: ctex.cfg 2019/05/29 v2.4.16 Configuration file (CTEX)
)
(d:/TexLive/2020/texmf-dist/tex/latex/geometry/geometry.sty
Package: geometry 2020/01/02 v5.9 Page Geometry

(d:/TexLive/2020/texmf-dist/tex/latex/graphics/keyval.sty
Package: keyval 2014/10/28 v1.15 key=value parser (DPC)
\KV@toks@=\toks18
)
(d:/TexLive/2020/texmf-dist/tex/generic/iftex/ifvtex.sty
Package: ifvtex 2019/10/25 v1.7 ifvtex legacy package. Use iftex instead.
)
\Gm@cnth=\count193
\Gm@cntv=\count194
\c@Gm@tempcnt=\count195
\Gm@bindingoffset=\dimen144
\Gm@wd@mp=\dimen145
\Gm@odd@mp=\dimen146
\Gm@even@mp=\dimen147
\Gm@layoutwidth=\dimen148
\Gm@layoutheight=\dimen149
\Gm@layouthoffset=\dimen150
\Gm@layoutvoffset=\dimen151
\Gm@dimlist=\toks19
)
(d:/TexLive/2020/texmf-dist/tex/latex/graphics/graphicx.sty
Package: graphicx 2019/11/30 v1.2a Enhanced LaTeX Graphics (DPC,SPQR)

(d:/TexLive/2020/texmf-dist/tex/latex/graphics/graphics.sty
Package: graphics 2019/11/30 v1.4a Standard LaTeX Graphics (DPC,SPQR)

(d:/TexLive/2020/texmf-dist/tex/latex/graphics/trig.sty
Package: trig 2016/01/03 v1.10 sin cos tan (DPC)
)
(d:/TexLive/2020/texmf-dist/tex/latex/graphics-cfg/graphics.cfg
File: graphics.cfg 2016/06/04 v1.11 sample graphics configuration
)
Package graphics Info: Driver file: pdftex.def on input line 105.

(d:/TexLive/2020/texmf-dist/tex/latex/graphics-def/pdftex.def
File: pdftex.def 2018/01/08 v1.0l Graphics/color driver for pdftex
))
\Gin@req@height=\dimen152
\Gin@req@width=\dimen153
)
(d:/TexLive/2020/texmf-dist/tex/latex/float/float.sty
Package: float 2001/11/08 v1.3d Float enhancements (AL)
\c@float@type=\count196
\float@exts=\toks20
\float@box=\box53
\@float@everytoks=\toks21
\@floatcapt=\box54
)
(d:/TexLive/2020/texmf-dist/tex/latex/listings/listings.sty
\lst@mode=\count197
\lst@gtempboxa=\box55
\lst@token=\toks22
\lst@length=\count198
\lst@currlwidth=\dimen154
\lst@column=\count199
\lst@pos=\count266
\lst@lostspace=\dimen155
\lst@width=\dimen156
\lst@newlines=\count267
\lst@lineno=\count268
\lst@maxwidth=\dimen157

(d:/TexLive/2020/texmf-dist/tex/latex/listings/lstmisc.sty
File: lstmisc.sty 2020/03/24 1.8d (Carsten Heinz)
\c@lstnumber=\count269
\lst@skipnumbers=\count270
\lst@framebox=\box56
)
(d:/TexLive/2020/texmf-dist/tex/latex/listings/listings.cfg
File: listings.cfg 2020/03/24 1.8d listings configuration
))
Package: listings 2020/03/24 1.8d (Carsten Heinz)

(d:/TexLive/2020/texmf-dist/tex/latex/matlab-prettifier/matlab-prettifier.sty
Package: matlab-prettifier 2014/06/19 v0.3 A package for prettyprinting Matlab 
source code

(d:/TexLive/2020/texmf-dist/tex/latex/base/textcomp.sty
Package: textcomp 2020/02/02 v2.0n Standard LaTeX package
)
(d:/TexLive/2020/texmf-dist/tex/latex/xcolor/xcolor.sty
Package: xcolor 2016/05/11 v2.12 LaTeX color extensions (UK)

(d:/TexLive/2020/texmf-dist/tex/latex/graphics-cfg/color.cfg
File: color.cfg 2016/01/02 v1.6 sample color configuration
)
Package xcolor Info: Driver file: pdftex.def on input line 225.
Package xcolor Info: Model `cmy' substituted by `cmy0' on input line 1348.
Package xcolor Info: Model `hsb' substituted by `rgb' on input line 1352.
Package xcolor Info: Model `RGB' extended on input line 1364.
Package xcolor Info: Model `HTML' substituted by `rgb' on input line 1366.
Package xcolor Info: Model `Hsb' substituted by `hsb' on input line 1367.
Package xcolor Info: Model `tHsb' substituted by `hsb' on input line 1368.
Package xcolor Info: Model `HSB' substituted by `hsb' on input line 1369.
Package xcolor Info: Model `Gray' substituted by `gray' on input line 1370.
Package xcolor Info: Model `wave' substituted by `hsb' on input line 1371.
)
\netBracketCount@mlpr=\count271
\blkLvl@mlpr=\count272
\blkLvlAtClassdef@mlpr=\count273
\emHeight@mlpr=\skip53
\jayDepth@mlpr=\skip54
\sectionRuleOffset@mlpr=\skip55
\toks@mlpr=\toks23
)
(d:/TexLive/2020/texmf-dist/tex/latex/url/url.sty
\Urlmuskip=\muskip16
Package: url 2013/09/16  ver 3.4  Verb mode for urls, etc.
)
(d:/TexLive/2020/texmf-dist/tex/latex/cjk/texinput/UTF8/UTF8.bdg
File: UTF8.bdg 2015/04/18 4.8.4
)
(d:/TexLive/2020/texmf-dist/tex/latex/cjk/texinput/UTF8/UTF8.enc
File: UTF8.enc 2015/04/18 4.8.4
)
(d:/TexLive/2020/texmf-dist/tex/latex/cjk/texinput/UTF8/UTF8.chr
File: UTF8.chr 2015/04/18 4.8.4
)
(./reportZM.aux)
\openout1 = `reportZM.aux'.

LaTeX Font Info:    Checking defaults for OML/cmm/m/it on input line 39.
LaTeX Font Info:    ... okay on input line 39.
LaTeX Font Info:    Checking defaults for OMS/cmsy/m/n on input line 39.
LaTeX Font Info:    ... okay on input line 39.
LaTeX Font Info:    Checking defaults for OT1/cmr/m/n on input line 39.
LaTeX Font Info:    ... okay on input line 39.
LaTeX Font Info:    Checking defaults for T1/cmr/m/n on input line 39.
LaTeX Font Info:    ... okay on input line 39.
LaTeX Font Info:    Checking defaults for TS1/cmr/m/n on input line 39.
LaTeX Font Info:    ... okay on input line 39.
LaTeX Font Info:    Checking defaults for OMX/cmex/m/n on input line 39.
LaTeX Font Info:    ... okay on input line 39.
LaTeX Font Info:    Checking defaults for U/cmr/m/n on input line 39.
LaTeX Font Info:    ... okay on input line 39.
LaTeX Font Info:    Checking defaults for C00/song/m/n on input line 39.
LaTeX Font Info:    ... okay on input line 39.
LaTeX Font Info:    Checking defaults for C05/song/m/n on input line 39.
LaTeX Font Info:    ... okay on input line 39.
LaTeX Font Info:    Checking defaults for C09/song/m/n on input line 39.
LaTeX Font Info:    ... okay on input line 39.
LaTeX Font Info:    Checking defaults for C10/song/m/n on input line 39.
LaTeX Font Info:    ... okay on input line 39.
LaTeX Font Info:    Checking defaults for C20/song/m/n on input line 39.
LaTeX Font Info:    ... okay on input line 39.
LaTeX Font Info:    Checking defaults for C19/song/m/n on input line 39.
LaTeX Font Info:    ... okay on input line 39.
LaTeX Font Info:    Checking defaults for C40/song/m/n on input line 39.
LaTeX Font Info:    ... okay on input line 39.
LaTeX Font Info:    Checking defaults for C42/song/m/n on input line 39.
LaTeX Font Info:    ... okay on input line 39.
LaTeX Font Info:    Checking defaults for C43/song/m/n on input line 39.
LaTeX Font Info:    ... okay on input line 39.
LaTeX Font Info:    Checking defaults for C50/song/m/n on input line 39.
LaTeX Font Info:    ... okay on input line 39.
LaTeX Font Info:    Checking defaults for C52/song/m/n on input line 39.
LaTeX Font Info:    ... okay on input line 39.
LaTeX Font Info:    Checking defaults for C49/song/m/n on input line 39.
LaTeX Font Info:    ... okay on input line 39.
LaTeX Font Info:    Checking defaults for C60/mj/m/n on input line 39.
LaTeX Font Info:    ... okay on input line 39.
LaTeX Font Info:    Checking defaults for C61/mj/m/n on input line 39.
LaTeX Font Info:    ... okay on input line 39.
LaTeX Font Info:    Checking defaults for C63/mj/m/n on input line 39.
LaTeX Font Info:    ... okay on input line 39.
LaTeX Font Info:    Checking defaults for C64/mj/m/n on input line 39.
LaTeX Font Info:    ... okay on input line 39.
LaTeX Font Info:    Checking defaults for C65/mj/m/n on input line 39.
LaTeX Font Info:    ... okay on input line 39.
LaTeX Font Info:    Checking defaults for C70/song/m/n on input line 39.
LaTeX Font Info:    ... okay on input line 39.
LaTeX Font Info:    Checking defaults for C31/song/m/n on input line 39.
LaTeX Font Info:    ... okay on input line 39.
LaTeX Font Info:    Checking defaults for C32/song/m/n on input line 39.
LaTeX Font Info:    ... okay on input line 39.
LaTeX Font Info:    Checking defaults for C33/song/m/n on input line 39.
LaTeX Font Info:    ... okay on input line 39.
LaTeX Font Info:    Checking defaults for C34/song/m/n on input line 39.
LaTeX Font Info:    ... okay on input line 39.
LaTeX Font Info:    Checking defaults for C35/song/m/n on input line 39.
LaTeX Font Info:    ... okay on input line 39.
LaTeX Font Info:    Checking defaults for C36/song/m/n on input line 39.
LaTeX Font Info:    ... okay on input line 39.
LaTeX Font Info:    Checking defaults for C37/song/m/n on input line 39.
LaTeX Font Info:    ... okay on input line 39.
LaTeX Font Info:    Checking defaults for C80/song/m/n on input line 39.
LaTeX Font Info:    ... okay on input line 39.
LaTeX Font Info:    Checking defaults for C81/song/m/n on input line 39.
LaTeX Font Info:    ... okay on input line 39.
LaTeX Font Info:    Checking defaults for C01/song/m/n on input line 39.
LaTeX Font Info:    ... okay on input line 39.
LaTeX Font Info:    Checking defaults for C11/song/m/n on input line 39.
LaTeX Font Info:    ... okay on input line 39.
LaTeX Font Info:    Checking defaults for C21/song/m/n on input line 39.
LaTeX Font Info:    ... okay on input line 39.
LaTeX Font Info:    Checking defaults for C41/song/m/n on input line 39.
LaTeX Font Info:    ... okay on input line 39.
LaTeX Font Info:    Checking defaults for C62/song/m/n on input line 39.
LaTeX Font Info:    ... okay on input line 39.
 ABD: EverySelectfont initializing macros
LaTeX Info: Redefining \selectfont on input line 39.

*geometry* driver: auto-detecting
*geometry* detected driver: pdftex
*geometry* verbose mode - [ preamble ] result:
* driver: pdftex
* paper: a4paper
* layout: <same size as paper>
* layoutoffset:(h,v)=(0.0pt,0.0pt)
* modes: 
* h-part:(L,W,R)=(56.9055pt, 483.69687pt, 56.9055pt)
* v-part:(T,H,B)=(56.9055pt, 731.23584pt, 56.9055pt)
* \paperwidth=597.50787pt
* \paperheight=845.04684pt
* \textwidth=483.69687pt
* \textheight=731.23584pt
* \oddsidemargin=-15.36449pt
* \evensidemargin=-15.36449pt
* \topmargin=-52.36449pt
* \headheight=12.0pt
* \headsep=25.0pt
* \topskip=10.0pt
* \footskip=30.0pt
* \marginparwidth=65.0pt
* \marginparsep=11.0pt
* \columnsep=10.0pt
* \skip\footins=9.0pt plus 4.0pt minus 2.0pt
* \hoffset=0.0pt
* \voffset=0.0pt
* \mag=1000
* \@twocolumnfalse
* \@twosidefalse
* \@mparswitchfalse
* \@reversemarginfalse
* (1in=72.27pt=25.4mm, 1cm=28.453pt)

(d:/TexLive/2020/texmf-dist/tex/context/base/mkii/supp-pdf.mkii
[Loading MPS to PDF converter (version 2006.09.02).]
\scratchcounter=\count274
\scratchdimen=\dimen158
\scratchbox=\box57
\nofMPsegments=\count275
\nofMParguments=\count276
\everyMPshowfont=\toks24
\MPscratchCnt=\count277
\MPscratchDim=\dimen159
\MPnumerator=\count278
\makeMPintoPDFobject=\count279
\everyMPtoPDFconversion=\toks25
) (d:/TexLive/2020/texmf-dist/tex/latex/epstopdf-pkg/epstopdf-base.sty
Package: epstopdf-base 2020-01-24 v2.11 Base part for package epstopdf
Package epstopdf-base Info: Redefining graphics rule for `.eps' on input line 4
85.

(d:/TexLive/2020/texmf-dist/tex/latex/latexconfig/epstopdf-sys.cfg
File: epstopdf-sys.cfg 2010/07/13 v1.3 Configuration of (r)epstopdf for TeX Liv
e
))
\c@lstlisting=\count280
<./images/logo.jpg, id=1, 675.4836pt x 177.3024pt>
File: ./images/logo.jpg Graphic file (type jpg)
<use ./images/logo.jpg>
Package pdftex.def Info: ./images/logo.jpg  used on input line 46.
(pdftex.def)             Requested size: 338.58632pt x 88.8728pt.
LaTeX Font Info:    Trying to load font information for C70+rm on input line 52
.

(d:/TexLive/2020/texmf-dist/tex/latex/ctex/fd/c70rm.fd
File: c70rm.fd 2019/05/29 v2.4.16 Chinese font definition (CTEX)
)
LaTeX Font Info:    External font `cmex10' loaded for size
(Font)              <18.06749> on input line 60.
LaTeX Font Info:    External font `cmex10' loaded for size
(Font)              <15.05624> on input line 60.
LaTeX Font Info:    External font `cmex10' loaded for size
(Font)              <12.045> on input line 60.
Package CJKpunct Info: use punctuation spaces for family 'rm' with punctstyle (
quanjiao) on input line 61.

Underfull \hbox (badness 10000) in paragraph at lines 61--61
[]\C70/rm/m/n/18.06749/59 ” \C70/rm/m/n/18.06749/54 ^^M|\C70/rm/m/n/18.06749/ff
 ^^Z|
 []


Underfull \hbox (badness 10000) in paragraph at lines 63--63
[]\C70/rm/m/n/18.06749/5b f \C70/rm/m/n/18.06749/96 b|\C70/rm/m/n/18.06749/ff ^
^Z|
 []


Underfull \hbox (badness 10000) in paragraph at lines 65--65
[]\C70/rm/m/n/18.06749/5b f \C70/rm/m/n/18.06749/53 ˜|\C70/rm/m/n/18.06749/ff ^
^Z|
 []


Underfull \hbox (badness 10000) in paragraph at lines 71--71
[]\C70/rm/m/n/18.06749/65 Â \C70/rm/m/n/18.06749/67 ^^_|\C70/rm/m/n/18.06749/ff
 ^^Z|
 []

[1

 <./images/logo.jpg>] (./reportZM.toc
LaTeX Font Info:    External font `cmex10' loaded for size
(Font)              <8> on input line 2.
LaTeX Font Info:    External font `cmex10' loaded for size
(Font)              <6> on input line 2.
)
\tf@toc=\write3
\openout3 = `reportZM.toc'.

 [2

]
<screenshot036.png, id=130, 277.78781pt x 235.63031pt>
File: screenshot036.png Graphic file (type png)
<use screenshot036.png>
Package pdftex.def Info: screenshot036.png  used on input line 118.
(pdftex.def)             Requested size: 241.84843pt x 205.14772pt.
<screenshot040.png, id=137, 354.123pt x 139.11975pt>
File: screenshot040.png Graphic file (type png)
<use screenshot040.png>
Package pdftex.def Info: screenshot040.png  used on input line 127.
(pdftex.def)             Requested size: 338.58632pt x 133.02486pt.
 [1

 <./screenshot036.png>]
<1-3.jpg, id=172, 702.625pt x 526.96875pt>
File: 1-3.jpg Graphic file (type jpg)
<use 1-3.jpg>
Package pdftex.def Info: 1-3.jpg  used on input line 152.
(pdftex.def)             Requested size: 241.84843pt x 181.38628pt.
<screenshot002.png, id=174, 1203.7472pt x 572.1375pt>
File: screenshot002.png Graphic file (type png)
<use screenshot002.png>
Package pdftex.def Info: screenshot002.png  used on input line 162.
(pdftex.def)             Requested size: 338.58632pt x 160.93073pt.
 [2 <./screenshot040.png (PNG copy)> <./1-3.jpg>]
<screenshot003.png, id=189, 1200.73593pt x 556.32843pt>
File: screenshot003.png Graphic file (type png)
<use screenshot003.png>
Package pdftex.def Info: screenshot003.png  used on input line 178.
(pdftex.def)             Requested size: 241.84843pt x 112.05318pt.
 [3 <./screenshot002.png (PNG copy)> <./screenshot003.png (PNG copy)>]
LaTeX Font Info:    Font shape `OT1/cmtt/bx/n' in size <12.045> not available
(Font)              Font shape `OT1/cmtt/m/n' tried instead on input line 196.
 [4]
Underfull \hbox (badness 10000) in paragraph at lines 252--253

 []

<screenshot037.png, id=204, 277.63725pt x 149.96025pt>
File: screenshot037.png Graphic file (type png)
<use screenshot037.png>
Package pdftex.def Info: screenshot037.png  used on input line 264.
(pdftex.def)             Requested size: 338.58632pt x 182.88715pt.
[5]
<2-1.jpg, id=213, 686.565pt x 616.3025pt>
File: 2-1.jpg Graphic file (type jpg)
<use 2-1.jpg>
Package pdftex.def Info: 2-1.jpg  used on input line 275.
(pdftex.def)             Requested size: 241.84843pt x 217.09149pt.
<screenshot001.png, id=214, 1229.34282pt x 587.19376pt>
File: screenshot001.png Graphic file (type png)
<use screenshot001.png>
Package pdftex.def Info: screenshot001.png  used on input line 283.
(pdftex.def)             Requested size: 338.58632pt x 161.72517pt.
 [6 <./screenshot037.png (PNG copy)> <./2-1.jpg>]
<screenshot005.png, id=218, 1163.84813pt x 548.80031pt>
File: screenshot005.png Graphic file (type png)
<use screenshot005.png>
Package pdftex.def Info: screenshot005.png  used on input line 291.
(pdftex.def)             Requested size: 338.58632pt x 159.65044pt.
<screenshot004.png, id=220, 1179.65718pt x 558.58687pt>
File: screenshot004.png Graphic file (type png)
<use screenshot004.png>
Package pdftex.def Info: screenshot004.png  used on input line 299.
(pdftex.def)             Requested size: 338.58632pt x 160.32399pt.

Overfull \hbox (0.77611pt too wide) in paragraph at lines 296--302
[] |\C70/rm/m/n/12.045/ff ^^H|\OT1/cmr/m/n/12.045 3|\C70/rm/m/n/12.045/ff 	| \C
70/rm/m/n/12.045/82 Â \C70/rm/m/n/12.045/5c ^^F$\OML/cmm/m/it/12.045 f\OT1/cmr/
m/n/12.045 (\OML/cmm/m/it/12.045 x; y\OT1/cmr/m/n/12.045 )$\C70/rm/m/n/12.045/9
8 z \C70/rm/m/n/12.045/65 ˆ \C70/rm/m/n/12.045/94 à \C70/rm/m/n/12.045/65 À \C7
0/rm/m/n/12.045/8f l\OT1/cmr/m/n/12.045 45\C70/rm/m/n/12.045/5e ¶ \C70/rm/m/n/1
2.045/5f ó \C70/rm/m/n/12.045/52 0$\OML/cmm/m/it/12.045 f[]\OT1/cmr/m/n/12.045 
(\OML/cmm/m/it/12.045 x; y\OT1/cmr/m/n/12.045 )$|\C70/rm/m/n/12.045/ff ^^L| \C7
0/rm/m/n/12.045/8b ’ \C70/rm/m/n/12.045/6c B \C70/rm/m/n/12.045/51 ˙ \C70/rm/m/
n/12.045/5e v \C70/rm/m/n/12.045/66 > \C70/rm/m/n/12.045/79 :$\OML/cmm/m/it/12.
045 f[]\OT1/cmr/m/n/12.045 (\OML/cmm/m/it/12.045 x; y\OT1/cmr/m/n/12.045 )$\C70
/rm/m/n/12.045/76 Ñ \C70/rm/m/n/12.045/50 Ö \C70/rm/m/n/12.045/91 Ã \C70/rm/m/n
/12.045/53 ˆ \C70/rm/m/n/12.045/5e E ¶ \C70/rm/m/n/12.045/8c 1|\C70/rm/m/n/12.0
45/ff ^^L| \C70/rm/m/n/12.045/5e v
 []

[7 <./screenshot001.png (PNG copy)> <./screenshot005.png (PNG copy)>]
<screenshot006.png, id=226, 307.1475pt x 647.41875pt>
File: screenshot006.png Graphic file (type png)
<use screenshot006.png>
Package pdftex.def Info: screenshot006.png  used on input line 310.
(pdftex.def)             Requested size: 193.47578pt x 407.8167pt.
 [8 <./screenshot004.png (PNG copy)> <./screenshot006.png (PNG copy)>]
<screenshot007.png, id=230, 279.29344pt x 651.93562pt>
File: screenshot007.png Graphic file (type png)
<use screenshot007.png>
Package pdftex.def Info: screenshot007.png  used on input line 323.
(pdftex.def)             Requested size: 241.84843pt x 564.5532pt.
 [9 <./screenshot007.png (PNG copy)>] [10] [11] [12]
<screenshot038.png, id=245, 371.58826pt x 73.4745pt>
File: screenshot038.png Graphic file (type png)
<use screenshot038.png>
Package pdftex.def Info: screenshot038.png  used on input line 451.
(pdftex.def)             Requested size: 338.58632pt x 66.95268pt.

Overfull \hbox (145.86417pt too wide) detected at line 460
\OML/cmm/m/it/12.045 g\OT1/cmr/m/n/12.045 (\OML/cmm/m/it/12.045 i; j\OT1/cmr/m/
n/12.045 ) = 1\OML/cmm/m/it/12.045 =\OT1/cmr/m/n/12.045 9 \OMS/cmsy/m/n/12.045 
^^C \OT1/cmr/m/n/12.045 (\OML/cmm/m/it/12.045 f\OT1/cmr/m/n/12.045 (\OML/cmm/m/
it/12.045 i \OMS/cmsy/m/n/12.045 ^^@ \OT1/cmr/m/n/12.045 1\OML/cmm/m/it/12.045 
; j \OMS/cmsy/m/n/12.045 ^^@ \OT1/cmr/m/n/12.045 1) + \OML/cmm/m/it/12.045 f\OT
1/cmr/m/n/12.045 (\OML/cmm/m/it/12.045 i \OMS/cmsy/m/n/12.045 ^^@ \OT1/cmr/m/n/
12.045 1\OML/cmm/m/it/12.045 ; j\OT1/cmr/m/n/12.045 ) + \OML/cmm/m/it/12.045 f\
OT1/cmr/m/n/12.045 (\OML/cmm/m/it/12.045 i \OMS/cmsy/m/n/12.045 ^^@ \OT1/cmr/m/
n/12.045 1\OML/cmm/m/it/12.045 ; j \OT1/cmr/m/n/12.045 + 1) + \OML/cmm/m/it/12.
045 f\OT1/cmr/m/n/12.045 (\OML/cmm/m/it/12.045 i; j \OMS/cmsy/m/n/12.045 ^^@ \O
T1/cmr/m/n/12.045 1)\OML/cmm/m/it/12.045 == \OT1/cmr/m/n/12.045 + \OML/cmm/m/it
/12.045 f\OT1/cmr/m/n/12.045 (\OML/cmm/m/it/12.045 i; j\OT1/cmr/m/n/12.045 ) + 
\OML/cmm/m/it/12.045 f\OT1/cmr/m/n/12.045 (\OML/cmm/m/it/12.045 i; j \OT1/cmr/m
/n/12.045 + 1) + \OML/cmm/m/it/12.045 f\OT1/cmr/m/n/12.045 (\OML/cmm/m/it/12.04
5 i \OT1/cmr/m/n/12.045 + 1\OML/cmm/m/it/12.045 ; j \OMS/cmsy/m/n/12.045 ^^@ \O
T1/cmr/m/n/12.045 1) + \OML/cmm/m/it/12.045 f\OT1/cmr/m/n/12.045 (\OML/cmm/m/it
/12.045 i \OT1/cmr/m/n/12.045 + 1\OML/cmm/m/it/12.045 ; j\OT1/cmr/m/n/12.045 ) 
+ \OML/cmm/m/it/12.045 f\OT1/cmr/m/n/12.045 (\OML/cmm/m/it/12.045 i \OT1/cmr/m/
n/12.045 + 1\OML/cmm/m/it/12.045 ; j \OT1/cmr/m/n/12.045 + 1));
 []

<screenshot039.png, id=246, 395.67825pt x 77.088pt>
File: screenshot039.png Graphic file (type png)
<use screenshot039.png>
Package pdftex.def Info: screenshot039.png  used on input line 478.
(pdftex.def)             Requested size: 338.58632pt x 65.96855pt.
[13 <./screenshot038.png (PNG copy)>]
<screenshot008.png, id=252, 274.02374pt x 629.35126pt>
File: screenshot008.png Graphic file (type png)
<use screenshot008.png>
Package pdftex.def Info: screenshot008.png  used on input line 493.
(pdftex.def)             Requested size: 169.29684pt x 388.83011pt.
 [14 <./screenshot039.png (PNG copy)> <./screenshot008.png (PNG copy)>]
<screenshot009.png, id=257, 922.19531pt x 624.08156pt>
File: screenshot009.png Graphic file (type png)
<use screenshot009.png>
Package pdftex.def Info: screenshot009.png  used on input line 504.
(pdftex.def)             Requested size: 411.14528pt x 278.2344pt.
<screenshot010.png, id=258, 920.68968pt x 633.86812pt>
File: screenshot010.png Graphic file (type png)
<use screenshot010.png>
Package pdftex.def Info: screenshot010.png  used on input line 511.
(pdftex.def)             Requested size: 411.14528pt x 283.06181pt.
 [15 <./screenshot009.png (PNG copy)> <./screenshot010.png (PNG copy)>]
Overfull \hbox (24.97958pt too wide) in paragraph at lines 519--520
\C70/rm/m/n/12.045/76 Ñ \C70/rm/m/n/12.045/8f Ÿ \C70/rm/m/n/12.045/79 Õ \C70/rm
/m/n/12.045/7a z \C70/rm/m/n/12.045/95 Ù \C70/rm/m/n/12.045/6e ‰ \C70/rm/m/n/12
.045/6c ‚ \C70/rm/m/n/12.045/65 π \C70/rm/m/n/12.045/6c ’ \C70/rm/m/n/12.045/57
 ( \C70/rm/m/n/12.045/4f ^^? \C70/rm/m/n/12.045/75 ( \C70/rm/m/n/12.045/6a ! \C
70/rm/m/n/12.045/67 ^^?\OT1/cmr/m/n/12.045 /\C70/rm/m/n/12.045/6e ‰ \C70/rm/m/n
/12.045/6c ‚ \C70/rm/m/n/12.045/56 h\OT1/cmr/m/n/12.045 /\C70/rm/m/n/12.045/68 
8\OT1/cmr/m/n/12.045 /mask\C70/rm/m/n/12.045/65 ˆ|\C70/rm/m/n/12.045/ff ^^L| \C
70/rm/m/n/12.045/90 ˝ \C70/rm/m/n/12.045/89 Å \C70/rm/m/n/12.045/80 ^^C \C70/rm
/m/n/12.045/86 Q \C70/rm/m/n/12.045/58 k \C70/rm/m/n/12.045/51 E \C70/rm/m/n/12
.045/65 π \C70/rm/m/n/12.045/6c ’|\C70/rm/m/n/12.045/ff ^^L| \C70/rm/m/n/12.045
/53 s\OT1/cmr/m/n/12.045 padding|\C70/rm/m/n/12.045/ff ^^L| \OT1/cmr/m/n/12.045
 padding\C70/rm/m/n/12.045/57 (
 []

<screenshot011.png, id=263, 927.465pt x 641.39626pt>
File: screenshot011.png Graphic file (type png)
<use screenshot011.png>
Package pdftex.def Info: screenshot011.png  used on input line 528.
(pdftex.def)             Requested size: 411.14528pt x 284.3292pt.

Overfull \hbox (18.35333pt too wide) in paragraph at lines 525--531
\OT1/cmtt/m/n/12.045 ops _ request _ misc = &request _ id = &biz _ id = 102 & u
tm _ term = matlab % 20 % E4 % BD % BF % E7 % 94 % A8 % E7 %
 []


Overfull \hbox (18.35333pt too wide) in paragraph at lines 525--531
\OT1/cmtt/m/n/12.045 9B % B8 % E4 % BD % 8D % E5 % 92 % 8C % E6 % 8C % AF % E5 
% B9 % 85 % E9 % 87 % 8D % E5 % BB % BA % E5 % 9B % BE % E5 % 83 % 8F % 20 %
 []


Overfull \hbox (299.77011pt too wide) in paragraph at lines 525--531
\OT1/cmtt/m/n/12.045 E5 % 86 % 88 % E8 % 90 % A8 % E9 % 9B % B7 % E6 % 96 % AF 
& utm _ medium = distribute . pc _ search _ result . none-[]task-[]blog-[]2[]al
l[]sobaiduweb[]default-[]0-[]80299959 .
 []

[16 <./screenshot011.png (PNG copy)>] [17] [18] [19] [20]
Underfull \hbox (badness 10000) in paragraph at lines 685--686

 []


Overfull \hbox (51.21292pt too wide) in paragraph at lines 689--690
[]\C70/rm/m/n/12.045/76 Ù \C70/rm/m/n/12.045/63 • \C70/rm/m/n/12.045/8b ˚ \C70/
rm/m/n/12.045/53 ÷ \C70/rm/m/n/12.045/56 ˛ \C70/rm/m/n/12.045/50 œ \C70/rm/m/n/
12.045/5f ó \C70/rm/m/n/12.045/52 0 \C70/rm/m/n/12.045/76 Ñ \C70/rm/m/n/12.045/
65 ˆ\OT1/cmr/m/n/12.045 uint8\C70/rm/m/n/12.045/7c { \C70/rm/m/n/12.045/57 ã \C
70/rm/m/n/12.045/65 p \C70/rm/m/n/12.045/63 n|\C70/rm/m/n/12.045/ff ^^L| \C70/r
m/m/n/12.045/57 ( \C70/rm/m/n/12.045/50 Z Ö \C70/rm/m/n/12.045/91 Ã \C70/rm/m/n
/12.045/53 ˆ ÿ \C70/rm/m/n/12.045/63 b \C70/rm/m/n/12.045/7b I \C70/rm/m/n/12.0
45/65 p \C70/rm/m/n/12.045/50 < \C70/rm/m/n/12.045/8f – \C70/rm/m/n/12.045/7b ó
 \C70/rm/m/n/12.045/65 ˆ|\C70/rm/m/n/12.045/ff ^^L| \C70/rm/m/n/12.045/97 ^^@ \
C70/rm/m/n/12.045/89 Å \C70/rm/m/n/12.045/4e ã \C70/rm/m/n/12.045/51 H \C70/rm/
m/n/12.045/4f ^^? \C70/rm/m/n/12.045/75 (\OT1/cmr/m/n/12.045 im2double\C70/rm/m
/n/12.045/53 ÿ
 []


Underfull \hbox (badness 10000) in paragraph at lines 689--690

 []


Underfull \hbox (badness 10000) in paragraph at lines 691--692

 []


Underfull \hbox (badness 10000) in paragraph at lines 695--696

 []


Underfull \hbox (badness 10000) in paragraph at lines 699--700

 []

[21]
Underfull \hbox (badness 10000) in paragraph at lines 703--704

 []


Underfull \hbox (badness 10000) in paragraph at lines 707--708

 []


Underfull \hbox (badness 10000) in paragraph at lines 711--712

 []


Underfull \hbox (badness 10000) in paragraph at lines 716--717

 []


Underfull \hbox (badness 10000) in paragraph at lines 720--721

 []


Underfull \hbox (badness 10000) in paragraph at lines 724--725

 []


Underfull \hbox (badness 10000) in paragraph at lines 728--729

 []


Underfull \hbox (badness 10000) in paragraph at lines 732--733

 []

[22] (./reportZM.aux) ) 
Here is how much of TeX's memory you used:
 9900 strings out of 482503
 157195 string characters out of 5950825
 452090 words of memory out of 5000000
 25074 multiletter control sequences out of 15000+600000
 587629 words of font info for 227 fonts, out of 8000000 for 9000
 36 hyphenation exceptions out of 8191
 46i,10n,56p,824b,1828s stack positions out of 5000i,500n,10000p,200000b,80000s
<c:/Windows/Fonts/simhei.ttf>{d:/TexLive/2020/texmf-dist
/fonts/enc/dvips/cm-super/cm-super-ts1.enc}<c:/Windows/Fonts/simsun.ttc><c:/Win
dows/Fonts/simsun.ttc><c:/Windows/Fonts/simsun.ttc><c:/Windows/Fonts/simsun.ttc
><c:/Windows/Fonts/simsun.ttc><c:/Windows/Fonts/simsun.ttc><c:/Windows/Fonts/si
msun.ttc><c:/Windows/Fonts/simhei.ttf><c:/Windows/Fonts/simhei.ttf><c:/Windows/
Fonts/simsun.ttc><c:/Windows/Fonts/simsun.ttc><c:/Windows/Fonts/simsun.ttc><c:/
Windows/Fonts/simsun.ttc><c:/Windows/Fonts/simsun.ttc><c:/Windows/Fonts/simsun.
ttc><c:/Windows/Fonts/simsun.ttc><c:/Windows/Fonts/simsun.ttc><c:/Windows/Fonts
/simhei.ttf><c:/Windows/Fonts/simhei.ttf><c:/Windows/Fonts/simsun.ttc><c:/Windo
ws/Fonts/simsun.ttc><c:/Windows/Fonts/simsun.ttc><c:/Windows/Fonts/simsun.ttc><
c:/Windows/Fonts/simsun.ttc><c:/Windows/Fonts/simsun.ttc><c:/Windows/Fonts/sims
un.ttc><c:/Windows/Fonts/simsun.ttc><c:/Windows/Fonts/simsun.ttc><c:/Windows/Fo
nts/simsun.ttc><c:/Windows/Fonts/simsun.ttc><c:/Windows/Fonts/simsun.ttc><c:/Wi
ndows/Fonts/simsun.ttc><c:/Windows/Fonts/simsun.ttc><c:/Windows/Fonts/simsun.tt
c><c:/Windows/Fonts/simsun.ttc><c:/Windows/Fonts/simsun.ttc><c:/Windows/Fonts/s
imsun.ttc><c:/Windows/Fonts/simsun.ttc><c:/Windows/Fonts/simsun.ttc><c:/Windows
/Fonts/simsun.ttc><c:/Windows/Fonts/simsun.ttc><c:/Windows/Fonts/simsun.ttc><c:
/Windows/Fonts/simsun.ttc><c:/Windows/Fonts/simsun.ttc><c:/Windows/Fonts/simsun
.ttc><c:/Windows/Fonts/simsun.ttc><c:/Windows/Fonts/simsun.ttc><c:/Windows/Font
s/simsun.ttc><c:/Windows/Fonts/simhei.ttf><c:/Windows/Fonts/simhei.ttf><c:/Wind
ows/Fonts/simhei.ttf><c:/Windows/Fonts/simhei.ttf><c:/Windows/Fonts/simhei.ttf>
<c:/Windows/Fonts/simhei.ttf><c:/Windows/Fonts/simhei.ttf><c:/Windows/Fonts/sim
hei.ttf><c:/Windows/Fonts/simhei.ttf><c:/Windows/Fonts/simsun.ttc><c:/Windows/F
onts/simsun.ttc><c:/Windows/Fonts/simsun.ttc><c:/Windows/Fonts/simsun.ttc><c:/W
indows/Fonts/simsun.ttc><c:/Windows/Fonts/simsun.ttc><c:/Windows/Fonts/simsun.t
tc><c:/Windows/Fonts/simsun.ttc><c:/Windows/Fonts/simsun.ttc><c:/Windows/Fonts/
simsun.ttc><c:/Windows/Fonts/simsun.ttc><c:/Windows/Fonts/simhei.ttf><c:/Window
s/Fonts/simhei.ttf><c:/Windows/Fonts/simhei.ttf><c:/Windows/Fonts/simhei.ttf><c
:/Windows/Fonts/simhei.ttf><c:/Windows/Fonts/simhei.ttf><c:/Windows/Fonts/simhe
i.ttf><c:/Windows/Fonts/simhei.ttf><c:/Windows/Fonts/simhei.ttf><c:/Windows/Fon
ts/simhei.ttf><c:/Windows/Fonts/simhei.ttf><c:/Windows/Fonts/simhei.ttf><c:/Win
dows/Fonts/simsun.ttc><c:/Windows/Fonts/simsun.ttc><c:/Windows/Fonts/simsun.ttc
><c:/Windows/Fonts/simsun.ttc><c:/Windows/Fonts/simsun.ttc><c:/Windows/Fonts/si
msun.ttc><c:/Windows/Fonts/simsun.ttc><c:/Windows/Fonts/simsun.ttc><c:/Windows/
Fonts/simsun.ttc><c:/Windows/Fonts/simsun.ttc><c:/Windows/Fonts/simsun.ttc><c:/
Windows/Fonts/simsun.ttc><c:/Windows/Fonts/simsun.ttc><c:/Windows/Fonts/simsun.
ttc><c:/Windows/Fonts/simsun.ttc><c:/Windows/Fonts/simsun.ttc><c:/Windows/Fonts
/simsun.ttc><c:/Windows/Fonts/simhei.ttf><c:/Windows/Fonts/simhei.ttf><c:/Windo
ws/Fonts/simhei.ttf><c:/Windows/Fonts/simhei.ttf><c:/Windows/Fonts/simhei.ttf><
c:/Windows/Fonts/simhei.ttf><c:/Windows/Fonts/simhei.ttf><c:/Windows/Fonts/simh
ei.ttf><c:/Windows/Fonts/simhei.ttf><c:/Windows/Fonts/simhei.ttf><c:/Windows/Fo
nts/simhei.ttf><d:/TexLive/2020/texmf-dist/fonts/type1/public/amsfonts/cm/cmbx1
2.pfb><d:/TexLive/2020/texmf-dist/fonts/type1/public/amsfonts/cm/cmmi12.pfb><d:
/TexLive/2020/texmf-dist/fonts/type1/public/amsfonts/cm/cmmi8.pfb><d:/TexLive/2
020/texmf-dist/fonts/type1/public/amsfonts/cm/cmr12.pfb><d:/TexLive/2020/texmf-
dist/fonts/type1/public/amsfonts/cm/cmr17.pfb><d:/TexLive/2020/texmf-dist/fonts
/type1/public/amsfonts/cm/cmr8.pfb><d:/TexLive/2020/texmf-dist/fonts/type1/publ
ic/amsfonts/cm/cmsy10.pfb><d:/TexLive/2020/texmf-dist/fonts/type1/public/amsfon
ts/cm/cmtt12.pfb><d:/TexLive/2020/texmf-dist/fonts/type1/public/cm-super/sftt12
00.pfb>
Output written on reportZM.pdf (24 pages, 3565362 bytes).
PDF statistics:
 651 PDF objects out of 1000 (max. 8388607)
 410 compressed objects within 5 object streams
 0 named destinations out of 1000 (max. 500000)
 384 words of extra memory for PDF output out of 10000 (max. 10000000)

